» design-work@0.0.0 → /Users/hikaru.kimura/design-work/ds-bundle (window.DesignWork)
  react@19.1.0 has no UMD — bundling via esbuild
[DETECT] shape=storybook (explicit --storybook-static)
  source shape: storybook (from cfg.shape)
  entry: ../.design-sync/ds-entry.ts
  [DTS] parsed 0 .d.ts files from /Users/hikaru.kimura/design-work/.design-sync
  storybook-static: 17 entries → 7 components
  story sources: 17/17 stories paired to module exports
  bundle: 8 KB
  inlined npm packages: 0
  ! preview decorator bundle failed: Could not resolve "tailwindcss"
    decorators will not wrap previews — set cfg.provider to supply the context they provided
[CSS_FROM_STORYBOOK] _ds_bundle.css was missing — replaced with ../.design-sync/sb-reference/assets/iframe-D3kvFKwu.css (8 KB).
  exported PascalCase symbols: 6
[TITLE_UNMAPPED] 1 storybook title(s) don't match a package export — dropped: Todo. Add cfg.titleMap {<title-name>: <export-name>} if these are real components under different names.
  6/7 storybook components are public exports
  components: 6
  (excluded 0 enum/type/context/hook exports; 6 components)
  docs: 0/6 components matched
  previews: 6 generated → .design-sync/.cache/previews/
  [DTS] 6/6 components
  styles.css: 1 @import(s) (incl. _ds_bundle.css — component styles ship to designs via this closure)
  readmeHeader: stitching .design-sync/conventions.md
  _ds_sync.json: 6 render hash(es) + source key(s) (verification anchor)
✓ wrote /Users/hikaru.kimura/design-work/ds-bundle: _ds_bundle.js + styles.css + 6 component previews
verify: 6 verified-by-upload (skip capture/grade), 0 changed, 0 new, 0 removed [keyed on sourceKeys]
upload: 0 component(s), 0 delete(s), bundle, styling, docs (+ _ds_sync.json last)
→ /Users/hikaru.kimura/design-work/ds-bundle/.sync-diff.json
  .ds-build-meta.json: 6 components (storybook)
  _ds_bundle.js: 9 KB, syntax OK
  _ds_bundle.js header: window.DesignWork, 6 components, 0 inlined externals
  _ds_sync.json: 6 render hash(es), anchor matches the bundle
  _ds_sync.json render hashes match disk (6 recomputed)
  styles.css: 1 @import(s), all resolve
  _ds_bundle.css: 8 KB
  tokens: 29 defined, 25 referenced
  components/: 6 previews, 6 .prompt.md
  all .d.ts parse cleanly
  window.DesignWork: 6 exports (6 fn + 0 compound)
! [RENDER_THIN] components/ui/Checkbox/Checkbox.html: mounts have no text and paint nothing — author .design-sync/previews/Checkbox.tsx — owned files win over generated ones
  render check: 6/6 previews render cleanly (screenshots in _screenshots/)
  contact sheets: 1 sheet(s) → _screenshots/contact-sheet-1.png

✓ bundle is complete (1 warning(s) — review above, non-blocking)
◉ canary: the reference storybook changed under carried grades — spot-checking 5 with grades kept: TextInput, Checkbox, TodoForm, TodoItem, Button
◉ [SPOT_CHECK] re-verifying 5 requested carried-forward component(s): TextInput, Checkbox, TodoForm, TodoItem, Button — grades kept; Read their fresh sheets and confirm they still match the recorded grades. Divergence remediation scales with the churned set: a couple of components diverge — re-grade just those; widespread — stop, diagnose, then --force a full pass.
○ [COMPARE] Button: 4 needs-grade — grade keys: "Primary", "Danger", "Ghost", "Disabled"
○ [COMPARE] Checkbox: 2 needs-grade — grade keys: "Unchecked", "Checked"
○ [COMPARE] TextInput: 2 needs-grade — grade keys: "Empty", "With Value"
○ [COMPARE] TodoForm: 2 needs-grade — grade keys: "Default", "Disabled"
○ [COMPARE] TodoItem: 2 needs-grade — grade keys: "Active", "Completed"

compare: 5 component(s) — 0 carried forward unchanged, 5 captured, 0 with factual failures, 5 awaiting your grade
Grade from the true images: Read each _screenshots/compare/<group>__<Name>.png sheet (raw/ PNGs are the full-res authority), then Write the verdicts to .design-sync/.cache/compare/<Name>.grade.json (a recapture clears the old grade — its contract changed).
{
  "version": 2,
  "ok": true,
  "shape": "storybook",
  "anchor": "ok",
  "learningsUnmerged": [],
  "stages": {
    "build": {
      "ok": true,
      "exit": 0,
      "skipped": null
    },
    "diff": {
      "ok": true,
      "exit": 0,
      "skipped": null
    },
    "validate": {
      "ok": true,
      "exit": 0,
      "skipped": null
    },
    "capture": {
      "ok": true,
      "exit": 0,
      "skipped": null
    }
  },
  "verification": {
    "unchanged": [
      "Button",
      "Checkbox",
      "TextInput",
      "TodoForm",
      "TodoItem",
      "TodoList"
    ],
    "changed": [],
    "added": [],
    "removed": [],
    "pendingGrade": [],
    "canary": {
      "picks": [
        "TextInput",
        "Checkbox",
        "TodoForm",
        "TodoItem",
        "Button"
      ],
      "churned": [],
      "trigger": "reference_drift"
    }
  },
  "upload": {
    "any": true,
    "components": [],
    "deletePaths": [],
    "bundle": true,
    "styling": true,
    "aux": true
  }
}
