
┌  Building storybook v10.4.6
│
◇  Cleaning outputDir: .design-sync/sb-reference
│
◇  Loading presets
│
◇  Building manager..
│
●  Building preview..
│  Vite vite v8.0.16 building client environment for production...
[2Ktransforming...✓ 179 modules transformed.
rendering chunks...
computing gzip size...
│  Vite .design-sync/sb-reference/iframe.html
│  18.96 kB │ gzip:   5.26 kB
│  .design-sync/sb-reference/assets/iframe-D3kvFKwu.css
│  8.45 kB │ gzip:   2.68 kB
│  .design-sync/sb-reference/assets/Button-BLXgS4ff.js
│  0.12 kB │ gzip:   0.12 kB
│  .design-sync/sb-reference/assets/Checkbox-B5LJNjy_.js
│  0.54 kB │ gzip:   0.43 kB
│  .design-sync/sb-reference/assets/TodoForm.stories-CUDpGiPX.js
│  0.59 kB │ gzip:   0.33 kB
│  .design-sync/sb-reference/assets/Checkbox.stories-DrmpwE_9.js
│  0.62 kB │ gzip:   0.32 kB
│  .design-sync/sb-reference/assets/TextInput.stories-CjAxof4H.js
│  0.64 kB │ gzip:   0.39 kB
│  .design-sync/sb-reference/assets/TextInput-ux45MthB.js
│  0.67 kB │ gzip:   0.46 kB
│  .design-sync/sb-reference/assets/TodoItem.stories-3OA-cYct.js
│  0.83 kB │ gzip:   0.43 kB
│  .design-sync/sb-reference/assets/TodoList.stories-BGB6igPc.js
│  1.04 kB │ gzip:   0.51 kB
│  .design-sync/sb-reference/assets/Button-CLkyhb4G.js
│  1.15 kB │ gzip:   0.66 kB
│  .design-sync/sb-reference/assets/TodoList-CfeJnmEa.js
│  1.16 kB │ gzip:   0.62 kB
│  .design-sync/sb-reference/assets/Button.stories-DzOChy1k.js
│  1.16 kB │ gzip:   0.49 kB
│  .design-sync/sb-reference/assets/TodoForm-B95yYQtx.js
│  1.25 kB │ gzip:   0.83 kB
│  .design-sync/sb-reference/assets/TodoItem-CZooizs6.js
│  1.53 kB │ gzip:   0.83 kB
│  .design-sync/sb-reference/assets/preload-helper-D2yxXLVK.js
│  2.40 kB │ gzip:   1.26 kB
│  .design-sync/sb-reference/assets/TodoPageView.stories-CB1TUWvZ.js
│  3.47 kB │ gzip:   1.57 kB
│  .design-sync/sb-reference/vite-inject-mocker-entry.js
│  27.81 kB │ gzip:   9.63 kB
│  .design-sync/sb-reference/assets/react-18-CkiYQzmc.js
│  204.21 kB │ gzip:  64.14 kB
│  .design-sync/sb-reference/assets/iframe-BrGjNoGC.js
│  1,250.92 kB │ gzip: 346.07 kB

│
▲  Vite [plugin builtin:vite-reporter]
│  (!) Some chunks are larger than 500 kB after minification. Consider:
│  - Using dynamic import() to code-split the application
│  - Use build.rolldownOptions.output.codeSplitting to improve chunking:
│  ]8;;https://rolldown.rs/reference/OutputOptions.codeSplittinghttps://rolldown.rs/reference/OutputOptions.codeSplitting]8;;
│  - Adjust chunk size limit for this warning via
│  build.chunkSizeWarningLimit.
│  Vite ✓ built in 544ms
│
◇  Output directory:
│  /Users/hikaru.kimura/design-work/.design-sync/sb-reference
│
└  Storybook build completed successfully


✔ Safe-chain: Scanned 1 packages, no malware found.
